[0311/202346.758:WARNING:spdy_session.cc(3431)] Received HEADERS for invalid stream 21
[0311/202456.783:ERROR:gpu_init.cc(426)] Passthrough is not supported, GL is disabled
[0311/204639.230:WARNING:dns_config_service_win.cc(712)] Failed to read DnsConfig.
[0311/204639.233:WARNING:dns_config_service_win.cc(712)] Failed to read DnsConfig.
[0311/204644.248:WARNING:dns_config_service_win.cc(712)] Failed to read DnsConfig.
[0311/204644.249:WARNING:dns_config_service_win.cc(712)] Failed to read DnsConfig.
[0311/204649.254:WARNING:dns_config_service_win.cc(712)] Failed to read DnsConfig.
[0311/204649.266:WARNING:dns_config_service_win.cc(712)] Failed to read DnsConfig.
[0311/204654.263:WARNING:dns_config_service_win.cc(712)] Failed to read DnsConfig.
[0311/204654.276:WARNING:dns_config_service_win.cc(712)] Failed to read DnsConfig.
[0311/204659.279:WARNING:dns_config_service_win.cc(712)] Failed to read DnsConfig.
[0311/204659.298:WARNING:dns_config_service_win.cc(712)] Failed to read DnsConfig.
[0311/204704.283:WARNING:dns_config_service_win.cc(712)] Failed to read DnsConfig.
[0311/204704.316:WARNING:dns_config_service_win.cc(712)] Failed to read DnsConfig.
[0311/204709.287:WARNING:dns_config_service_win.cc(712)] Failed to read DnsConfig.
[0311/204709.328:WARNING:dns_config_service_win.cc(712)] Failed to read DnsConfig.
[0311/204714.295:WARNING:dns_config_service_win.cc(712)] Failed to read DnsConfig.
[0311/204714.341:WARNING:dns_config_service_win.cc(712)] Failed to read DnsConfig.
[0311/204719.301:WARNING:dns_config_service_win.cc(712)] Failed to read DnsConfig.
[0311/204719.354:WARNING:dns_config_service_win.cc(712)] Failed to read DnsConfig.
[0311/204724.308:WARNING:dns_config_service_win.cc(712)] Failed to read DnsConfig.
[0311/204724.373:WARNING:dns_config_service_win.cc(712)] Failed to read DnsConfig.
[0311/204729.314:WARNING:dns_config_service_win.cc(712)] Failed to read DnsConfig.
[0311/204729.386:WARNING:dns_config_service_win.cc(712)] Failed to read DnsConfig.
[0311/204734.321:WARNING:dns_config_service_win.cc(712)] Failed to read DnsConfig.
[0311/204734.402:WARNING:dns_config_service_win.cc(712)] Failed to read DnsConfig.
[0311/204739.326:WARNING:dns_config_service_win.cc(712)] Failed to read DnsConfig.
[0311/204739.421:WARNING:dns_config_service_win.cc(712)] Failed to read DnsConfig.
[0311/204744.329:WARNING:dns_config_service_win.cc(712)] Failed to read DnsConfig.
[0311/204744.443:WARNING:dns_config_service_win.cc(712)] Failed to read DnsConfig.
[0311/204749.336:WARNING:dns_config_service_win.cc(712)] Failed to read DnsConfig.
[0311/204749.462:WARNING:dns_config_service_win.cc(712)] Failed to read DnsConfig.
[0311/204754.340:WARNING:dns_config_service_win.cc(712)] Failed to read DnsConfig.
[0311/204754.473:WARNING:dns_config_service_win.cc(712)] Failed to read DnsConfig.
[0311/204759.345:WARNING:dns_config_service_win.cc(712)] Failed to read DnsConfig.
[0311/204759.493:WARNING:dns_config_service_win.cc(712)] Failed to read DnsConfig.
[0311/204804.353:WARNING:dns_config_service_win.cc(712)] Failed to read DnsConfig.
[0311/204804.507:WARNING:dns_config_service_win.cc(712)] Failed to read DnsConfig.
[0311/204809.356:WARNING:dns_config_service_win.cc(712)] Failed to read DnsConfig.
[0311/204809.522:WARNING:dns_config_service_win.cc(712)] Failed to read DnsConfig.
[0311/204814.361:WARNING:dns_config_service_win.cc(712)] Failed to read DnsConfig.
[0311/204814.536:WARNING:dns_config_service_win.cc(712)] Failed to read DnsConfig.
[0311/204819.365:WARNING:dns_config_service_win.cc(712)] Failed to read DnsConfig.
[0311/204819.554:WARNING:dns_config_service_win.cc(712)] Failed to read DnsConfig.
[0311/204824.371:WARNING:dns_config_service_win.cc(712)] Failed to read DnsConfig.
[0311/204824.573:WARNING:dns_config_service_win.cc(712)] Failed to read DnsConfig.
[0311/204829.375:WARNING:dns_config_service_win.cc(712)] Failed to read DnsConfig.
[0311/204829.586:WARNING:dns_config_service_win.cc(712)] Failed to read DnsConfig.
[0311/204834.381:WARNING:dns_config_service_win.cc(712)] Failed to read DnsConfig.
[0311/204834.608:WARNING:dns_config_service_win.cc(712)] Failed to read DnsConfig.
[0311/204839.388:WARNING:dns_config_service_win.cc(712)] Failed to read DnsConfig.
[0311/204839.627:WARNING:dns_config_service_win.cc(712)] Failed to read DnsConfig.
[0311/204844.393:WARNING:dns_config_service_win.cc(712)] Failed to read DnsConfig.
[0311/204844.645:WARNING:dns_config_service_win.cc(712)] Failed to read DnsConfig.
[0311/204849.398:WARNING:dns_config_service_win.cc(712)] Failed to read DnsConfig.
[0311/204849.664:WARNING:dns_config_service_win.cc(712)] Failed to read DnsConfig.
[0311/204854.403:WARNING:dns_config_service_win.cc(712)] Failed to read DnsConfig.
[0311/204854.683:WARNING:dns_config_service_win.cc(712)] Failed to read DnsConfig.
[0311/204859.410:WARNING:dns_config_service_win.cc(712)] Failed to read DnsConfig.
[0311/204859.702:WARNING:dns_config_service_win.cc(712)] Failed to read DnsConfig.
[0311/204904.413:WARNING:dns_config_service_win.cc(712)] Failed to read DnsConfig.
[0311/204904.724:WARNING:dns_config_service_win.cc(712)] Failed to read DnsConfig.
[0311/204909.419:WARNING:dns_config_service_win.cc(712)] Failed to read DnsConfig.
[0311/204909.732:WARNING:dns_config_service_win.cc(712)] Failed to read DnsConfig.
[0311/204914.423:WARNING:dns_config_service_win.cc(712)] Failed to read DnsConfig.
[0311/204914.752:WARNING:dns_config_service_win.cc(712)] Failed to read DnsConfig.
[0311/204919.428:WARNING:dns_config_service_win.cc(712)] Failed to read DnsConfig.
[0311/204919.762:WARNING:dns_config_service_win.cc(712)] Failed to read DnsConfig.
[0311/204924.433:WARNING:dns_config_service_win.cc(712)] Failed to read DnsConfig.
[0311/204924.766:WARNING:dns_config_service_win.cc(712)] Failed to read DnsConfig.
[0311/204929.437:WARNING:dns_config_service_win.cc(712)] Failed to read DnsConfig.
[0311/204929.788:WARNING:dns_config_service_win.cc(712)] Failed to read DnsConfig.
[0311/204934.440:WARNING:dns_config_service_win.cc(712)] Failed to read DnsConfig.
[0311/204934.806:WARNING:dns_config_service_win.cc(712)] Failed to read DnsConfig.
[0311/204939.448:WARNING:dns_config_service_win.cc(712)] Failed to read DnsConfig.
[0311/204939.823:WARNING:dns_config_service_win.cc(712)] Failed to read DnsConfig.
[0311/204944.452:WARNING:dns_config_service_win.cc(712)] Failed to read DnsConfig.
[0311/204944.832:WARNING:dns_config_service_win.cc(712)] Failed to read DnsConfig.
[0311/204949.460:WARNING:dns_config_service_win.cc(712)] Failed to read DnsConfig.
[0311/204949.845:WARNING:dns_config_service_win.cc(712)] Failed to read DnsConfig.
[0311/204954.465:WARNING:dns_config_service_win.cc(712)] Failed to read DnsConfig.
[0311/204954.859:WARNING:dns_config_service_win.cc(712)] Failed to read DnsConfig.
[0311/204959.468:WARNING:dns_config_service_win.cc(712)] Failed to read DnsConfig.
[0311/204959.877:WARNING:dns_config_service_win.cc(712)] Failed to read DnsConfig.
[0311/205004.472:WARNING:dns_config_service_win.cc(712)] Failed to read DnsConfig.
[0311/205004.892:WARNING:dns_config_service_win.cc(712)] Failed to read DnsConfig.
[0311/205009.477:WARNING:dns_config_service_win.cc(712)] Failed to read DnsConfig.
[0311/205009.910:WARNING:dns_config_service_win.cc(712)] Failed to read DnsConfig.
[0311/205014.482:WARNING:dns_config_service_win.cc(712)] Failed to read DnsConfig.
[0311/205014.931:WARNING:dns_config_service_win.cc(712)] Failed to read DnsConfig.
[0311/205019.491:WARNING:dns_config_service_win.cc(712)] Failed to read DnsConfig.
[0311/205019.943:WARNING:dns_config_service_win.cc(712)] Failed to read DnsConfig.
[0311/205024.495:WARNING:dns_config_service_win.cc(712)] Failed to read DnsConfig.
[0311/205024.956:WARNING:dns_config_service_win.cc(712)] Failed to read DnsConfig.
[0311/205029.501:WARNING:dns_config_service_win.cc(712)] Failed to read DnsConfig.
[0311/205029.975:WARNING:dns_config_service_win.cc(712)] Failed to read DnsConfig.
[0311/205034.506:WARNING:dns_config_service_win.cc(712)] Failed to read DnsConfig.
[0311/205034.993:WARNING:dns_config_service_win.cc(712)] Failed to read DnsConfig.
[0311/205039.512:WARNING:dns_config_service_win.cc(712)] Failed to read DnsConfig.
[0311/205040.016:WARNING:dns_config_service_win.cc(712)] Failed to read DnsConfig.
[0311/205044.517:WARNING:dns_config_service_win.cc(712)] Failed to read DnsConfig.
[0311/205045.034:WARNING:dns_config_service_win.cc(712)] Failed to read DnsConfig.
[0311/205049.520:WARNING:dns_config_service_win.cc(712)] Failed to read DnsConfig.
[0311/205050.047:WARNING:dns_config_service_win.cc(712)] Failed to read DnsConfig.
[0311/205054.525:WARNING:dns_config_service_win.cc(712)] Failed to read DnsConfig.
[0311/205055.053:WARNING:dns_config_service_win.cc(712)] Failed to read DnsConfig.
[0311/205059.527:WARNING:dns_config_service_win.cc(712)] Failed to read DnsConfig.
[0311/205100.059:WARNING:dns_config_service_win.cc(712)] Failed to read DnsConfig.
[0311/205104.532:WARNING:dns_config_service_win.cc(712)] Failed to read DnsConfig.
[0311/205105.068:WARNING:dns_config_service_win.cc(712)] Failed to read DnsConfig.
[0311/205109.537:WARNING:dns_config_service_win.cc(712)] Failed to read DnsConfig.
[0311/205110.073:WARNING:dns_config_service_win.cc(712)] Failed to read DnsConfig.
[0311/205114.543:WARNING:dns_config_service_win.cc(712)] Failed to read DnsConfig.
[0311/205115.091:WARNING:dns_config_service_win.cc(712)] Failed to read DnsConfig.
[0311/205119.549:WARNING:dns_config_service_win.cc(712)] Failed to read DnsConfig.
[0311/205120.115:WARNING:dns_config_service_win.cc(712)] Failed to read DnsConfig.
[0311/205124.553:WARNING:dns_config_service_win.cc(712)] Failed to read DnsConfig.
[0311/205125.128:WARNING:dns_config_service_win.cc(712)] Failed to read DnsConfig.
[0311/205129.558:WARNING:dns_config_service_win.cc(712)] Failed to read DnsConfig.
[0311/205130.147:WARNING:dns_config_service_win.cc(712)] Failed to read DnsConfig.
[0311/205134.564:WARNING:dns_config_service_win.cc(712)] Failed to read DnsConfig.
[0311/205135.167:WARNING:dns_config_service_win.cc(712)] Failed to read DnsConfig.
[0311/205139.568:WARNING:dns_config_service_win.cc(712)] Failed to read DnsConfig.
[0311/205140.183:WARNING:dns_config_service_win.cc(712)] Failed to read DnsConfig.
[0311/205144.576:WARNING:dns_config_service_win.cc(712)] Failed to read DnsConfig.
[0311/205145.196:WARNING:dns_config_service_win.cc(712)] Failed to read DnsConfig.
[0311/205149.579:WARNING:dns_config_service_win.cc(712)] Failed to read DnsConfig.
[0311/205150.210:WARNING:dns_config_service_win.cc(712)] Failed to read DnsConfig.
[0311/205154.583:WARNING:dns_config_service_win.cc(712)] Failed to read DnsConfig.
[0311/205155.227:WARNING:dns_config_service_win.cc(712)] Failed to read DnsConfig.
[0311/205159.591:WARNING:dns_config_service_win.cc(712)] Failed to read DnsConfig.
[0311/205200.234:WARNING:dns_config_service_win.cc(712)] Failed to read DnsConfig.
[0311/205204.598:WARNING:dns_config_service_win.cc(712)] Failed to read DnsConfig.
[0311/205205.240:WARNING:dns_config_service_win.cc(712)] Failed to read DnsConfig.
[0311/205209.602:WARNING:dns_config_service_win.cc(712)] Failed to read DnsConfig.
[0311/205210.257:WARNING:dns_config_service_win.cc(712)] Failed to read DnsConfig.
[0311/205214.606:WARNING:dns_config_service_win.cc(712)] Failed to read DnsConfig.
[0311/205215.274:WARNING:dns_config_service_win.cc(712)] Failed to read DnsConfig.
[0311/205219.611:WARNING:dns_config_service_win.cc(712)] Failed to read DnsConfig.
[0311/205220.280:WARNING:dns_config_service_win.cc(712)] Failed to read DnsConfig.
[0311/205224.618:WARNING:dns_config_service_win.cc(712)] Failed to read DnsConfig.
[0311/205225.299:WARNING:dns_config_service_win.cc(712)] Failed to read DnsConfig.
[0311/205229.624:WARNING:dns_config_service_win.cc(712)] Failed to read DnsConfig.
[0311/205230.308:WARNING:dns_config_service_win.cc(712)] Failed to read DnsConfig.
[0311/205234.632:WARNING:dns_config_service_win.cc(712)] Failed to read DnsConfig.
[0311/205235.319:WARNING:dns_config_service_win.cc(712)] Failed to read DnsConfig.
[0311/205239.636:WARNING:dns_config_service_win.cc(712)] Failed to read DnsConfig.
[0311/205240.339:WARNING:dns_config_service_win.cc(712)] Failed to read DnsConfig.
[0311/205244.642:WARNING:dns_config_service_win.cc(712)] Failed to read DnsConfig.
[0311/205245.348:WARNING:dns_config_service_win.cc(712)] Failed to read DnsConfig.
[0311/205249.646:WARNING:dns_config_service_win.cc(712)] Failed to read DnsConfig.
[0311/205250.358:WARNING:dns_config_service_win.cc(712)] Failed to read DnsConfig.
[0311/205254.650:WARNING:dns_config_service_win.cc(712)] Failed to read DnsConfig.
[0311/205255.371:WARNING:dns_config_service_win.cc(712)] Failed to read DnsConfig.
[0311/205259.657:WARNING:dns_config_service_win.cc(712)] Failed to read DnsConfig.
[0311/205300.386:WARNING:dns_config_service_win.cc(712)] Failed to read DnsConfig.
[0311/205304.662:WARNING:dns_config_service_win.cc(712)] Failed to read DnsConfig.
[0311/205305.398:WARNING:dns_config_service_win.cc(712)] Failed to read DnsConfig.
[0311/205309.667:WARNING:dns_config_service_win.cc(712)] Failed to read DnsConfig.
[0311/205310.409:WARNING:dns_config_service_win.cc(712)] Failed to read DnsConfig.
[0311/205314.671:WARNING:dns_config_service_win.cc(712)] Failed to read DnsConfig.
[0311/205315.425:WARNING:dns_config_service_win.cc(712)] Failed to read DnsConfig.
[0311/205319.676:WARNING:dns_config_service_win.cc(712)] Failed to read DnsConfig.
[0311/205320.436:WARNING:dns_config_service_win.cc(712)] Failed to read DnsConfig.
[0311/205324.679:WARNING:dns_config_service_win.cc(712)] Failed to read DnsConfig.
[0311/205325.444:WARNING:dns_config_service_win.cc(712)] Failed to read DnsConfig.
[0311/205329.682:WARNING:dns_config_service_win.cc(712)] Failed to read DnsConfig.
[0311/205330.450:WARNING:dns_config_service_win.cc(712)] Failed to read DnsConfig.
[0311/205334.686:WARNING:dns_config_service_win.cc(712)] Failed to read DnsConfig.
[0311/205335.465:WARNING:dns_config_service_win.cc(712)] Failed to read DnsConfig.
[0311/205339.693:WARNING:dns_config_service_win.cc(712)] Failed to read DnsConfig.
[0311/205340.473:WARNING:dns_config_service_win.cc(712)] Failed to read DnsConfig.
[0311/205344.698:WARNING:dns_config_service_win.cc(712)] Failed to read DnsConfig.
[0311/205345.481:WARNING:dns_config_service_win.cc(712)] Failed to read DnsConfig.
[0311/205349.703:WARNING:dns_config_service_win.cc(712)] Failed to read DnsConfig.
[0311/205350.484:WARNING:dns_config_service_win.cc(712)] Failed to read DnsConfig.
[0311/205354.707:WARNING:dns_config_service_win.cc(712)] Failed to read DnsConfig.
[0311/205355.493:WARNING:dns_config_service_win.cc(712)] Failed to read DnsConfig.
[0311/205359.712:WARNING:dns_config_service_win.cc(712)] Failed to read DnsConfig.
[0311/205400.509:WARNING:dns_config_service_win.cc(712)] Failed to read DnsConfig.
[0311/205404.719:WARNING:dns_config_service_win.cc(712)] Failed to read DnsConfig.
[0311/205405.522:WARNING:dns_config_service_win.cc(712)] Failed to read DnsConfig.
[0311/205409.726:WARNING:dns_config_service_win.cc(712)] Failed to read DnsConfig.
[0311/205410.533:WARNING:dns_config_service_win.cc(712)] Failed to read DnsConfig.
[0311/205414.730:WARNING:dns_config_service_win.cc(712)] Failed to read DnsConfig.
[0311/205415.537:WARNING:dns_config_service_win.cc(712)] Failed to read DnsConfig.
[0311/205419.735:WARNING:dns_config_service_win.cc(712)] Failed to read DnsConfig.
[0311/205420.547:WARNING:dns_config_service_win.cc(712)] Failed to read DnsConfig.
[0311/205424.739:WARNING:dns_config_service_win.cc(712)] Failed to read DnsConfig.
[0311/205425.565:WARNING:dns_config_service_win.cc(712)] Failed to read DnsConfig.
[0311/205429.744:WARNING:dns_config_service_win.cc(712)] Failed to read DnsConfig.
[0311/205430.573:WARNING:dns_config_service_win.cc(712)] Failed to read DnsConfig.
[0311/205434.751:WARNING:dns_config_service_win.cc(712)] Failed to read DnsConfig.
[0311/205435.583:WARNING:dns_config_service_win.cc(712)] Failed to read DnsConfig.
[0311/205439.757:WARNING:dns_config_service_win.cc(712)] Failed to read DnsConfig.
[0311/205440.595:WARNING:dns_config_service_win.cc(712)] Failed to read DnsConfig.
[0311/205444.764:WARNING:dns_config_service_win.cc(712)] Failed to read DnsConfig.
[0311/205445.612:WARNING:dns_config_service_win.cc(712)] Failed to read DnsConfig.
[0311/205449.773:WARNING:dns_config_service_win.cc(712)] Failed to read DnsConfig.
[0311/205450.626:WARNING:dns_config_service_win.cc(712)] Failed to read DnsConfig.
[0311/205454.777:WARNING:dns_config_service_win.cc(712)] Failed to read DnsConfig.
[0311/205455.643:WARNING:dns_config_service_win.cc(712)] Failed to read DnsConfig.
[0311/205459.783:WARNING:dns_config_service_win.cc(712)] Failed to read DnsConfig.
[0311/205500.652:WARNING:dns_config_service_win.cc(712)] Failed to read DnsConfig.
[0311/205504.789:WARNING:dns_config_service_win.cc(712)] Failed to read DnsConfig.
[0311/205505.667:WARNING:dns_config_service_win.cc(712)] Failed to read DnsConfig.
[0311/205509.794:WARNING:dns_config_service_win.cc(712)] Failed to read DnsConfig.
[0311/205510.679:WARNING:dns_config_service_win.cc(712)] Failed to read DnsConfig.
[0311/205514.799:WARNING:dns_config_service_win.cc(712)] Failed to read DnsConfig.
[0311/205515.688:WARNING:dns_config_service_win.cc(712)] Failed to read DnsConfig.
[0311/205519.804:WARNING:dns_config_service_win.cc(712)] Failed to read DnsConfig.
[0311/205520.707:WARNING:dns_config_service_win.cc(712)] Failed to read DnsConfig.
[0311/205524.808:WARNING:dns_config_service_win.cc(712)] Failed to read DnsConfig.
[0311/205525.711:WARNING:dns_config_service_win.cc(712)] Failed to read DnsConfig.
[0311/205529.811:WARNING:dns_config_service_win.cc(712)] Failed to read DnsConfig.
[0311/205530.721:WARNING:dns_config_service_win.cc(712)] Failed to read DnsConfig.
[0311/205534.816:WARNING:dns_config_service_win.cc(712)] Failed to read DnsConfig.
[0311/205535.729:WARNING:dns_config_service_win.cc(712)] Failed to read DnsConfig.
[0311/205539.822:WARNING:dns_config_service_win.cc(712)] Failed to read DnsConfig.
[0311/205540.746:WARNING:dns_config_service_win.cc(712)] Failed to read DnsConfig.
[0311/205544.830:WARNING:dns_config_service_win.cc(712)] Failed to read DnsConfig.
[0311/205545.754:WARNING:dns_config_service_win.cc(712)] Failed to read DnsConfig.
[0311/205549.836:WARNING:dns_config_service_win.cc(712)] Failed to read DnsConfig.
[0311/205550.765:WARNING:dns_config_service_win.cc(712)] Failed to read DnsConfig.
[0311/205554.839:WARNING:dns_config_service_win.cc(712)] Failed to read DnsConfig.
[0311/205555.771:WARNING:dns_config_service_win.cc(712)] Failed to read DnsConfig.
[0311/205559.843:WARNING:dns_config_service_win.cc(712)] Failed to read DnsConfig.
[0311/205600.784:WARNING:dns_config_service_win.cc(712)] Failed to read DnsConfig.
[0311/205604.850:WARNING:dns_config_service_win.cc(712)] Failed to read DnsConfig.
[0311/205605.803:WARNING:dns_config_service_win.cc(712)] Failed to read DnsConfig.
[0311/205609.856:WARNING:dns_config_service_win.cc(712)] Failed to read DnsConfig.
[0311/205610.816:WARNING:dns_config_service_win.cc(712)] Failed to read DnsConfig.
[0311/205614.861:WARNING:dns_config_service_win.cc(712)] Failed to read DnsConfig.
[0311/205615.821:WARNING:dns_config_service_win.cc(712)] Failed to read DnsConfig.
[0311/205619.869:WARNING:dns_config_service_win.cc(712)] Failed to read DnsConfig.
[0311/205620.832:WARNING:dns_config_service_win.cc(712)] Failed to read DnsConfig.
[0311/205624.875:WARNING:dns_config_service_win.cc(712)] Failed to read DnsConfig.
[0311/205625.853:WARNING:dns_config_service_win.cc(712)] Failed to read DnsConfig.
[0311/205629.881:WARNING:dns_config_service_win.cc(712)] Failed to read DnsConfig.
[0311/205630.864:WARNING:dns_config_service_win.cc(712)] Failed to read DnsConfig.
[0311/205634.886:WARNING:dns_config_service_win.cc(712)] Failed to read DnsConfig.
[0311/205635.882:WARNING:dns_config_service_win.cc(712)] Failed to read DnsConfig.
[0311/205639.891:WARNING:dns_config_service_win.cc(712)] Failed to read DnsConfig.
[0311/205640.896:WARNING:dns_config_service_win.cc(712)] Failed to read DnsConfig.
[0311/205644.896:WARNING:dns_config_service_win.cc(712)] Failed to read DnsConfig.
[0311/205645.911:WARNING:dns_config_service_win.cc(712)] Failed to read DnsConfig.
[0311/205649.902:WARNING:dns_config_service_win.cc(712)] Failed to read DnsConfig.
[0311/205650.926:WARNING:dns_config_service_win.cc(712)] Failed to read DnsConfig.
[0311/205654.907:WARNING:dns_config_service_win.cc(712)] Failed to read DnsConfig.
[0311/205655.934:WARNING:dns_config_service_win.cc(712)] Failed to read DnsConfig.
[0311/205659.913:WARNING:dns_config_service_win.cc(712)] Failed to read DnsConfig.
[0311/205700.948:WARNING:dns_config_service_win.cc(712)] Failed to read DnsConfig.
[0311/205704.917:WARNING:dns_config_service_win.cc(712)] Failed to read DnsConfig.
[0311/205705.959:WARNING:dns_config_service_win.cc(712)] Failed to read DnsConfig.
[0311/205709.925:WARNING:dns_config_service_win.cc(712)] Failed to read DnsConfig.
[0311/205710.967:WARNING:dns_config_service_win.cc(712)] Failed to read DnsConfig.
[0311/205714.934:WARNING:dns_config_service_win.cc(712)] Failed to read DnsConfig.
[0311/205715.977:WARNING:dns_config_service_win.cc(712)] Failed to read DnsConfig.
[0311/205719.941:WARNING:dns_config_service_win.cc(712)] Failed to read DnsConfig.
[0311/205720.986:WARNING:dns_config_service_win.cc(712)] Failed to read DnsConfig.
[0311/205724.945:WARNING:dns_config_service_win.cc(712)] Failed to read DnsConfig.
[0311/205726.002:WARNING:dns_config_service_win.cc(712)] Failed to read DnsConfig.
[0311/205729.949:WARNING:dns_config_service_win.cc(712)] Failed to read DnsConfig.
[0311/205731.022:WARNING:dns_config_service_win.cc(712)] Failed to read DnsConfig.
[0311/205734.954:WARNING:dns_config_service_win.cc(712)] Failed to read DnsConfig.
[0311/205736.033:WARNING:dns_config_service_win.cc(712)] Failed to read DnsConfig.
[0311/205739.957:WARNING:dns_config_service_win.cc(712)] Failed to read DnsConfig.
[0311/205741.040:WARNING:dns_config_service_win.cc(712)] Failed to read DnsConfig.
[0311/205744.963:WARNING:dns_config_service_win.cc(712)] Failed to read DnsConfig.
[0311/205746.055:WARNING:dns_config_service_win.cc(712)] Failed to read DnsConfig.
[0311/205749.970:WARNING:dns_config_service_win.cc(712)] Failed to read DnsConfig.
[0311/205751.061:WARNING:dns_config_service_win.cc(712)] Failed to read DnsConfig.
[0311/205754.979:WARNING:dns_config_service_win.cc(712)] Failed to read DnsConfig.
[0311/205756.080:WARNING:dns_config_service_win.cc(712)] Failed to read DnsConfig.
[0311/205759.982:WARNING:dns_config_service_win.cc(712)] Failed to read DnsConfig.
[0311/205801.085:WARNING:dns_config_service_win.cc(712)] Failed to read DnsConfig.
[0311/205804.989:WARNING:dns_config_service_win.cc(712)] Failed to read DnsConfig.
[0311/205806.098:WARNING:dns_config_service_win.cc(712)] Failed to read DnsConfig.
[0311/205809.992:WARNING:dns_config_service_win.cc(712)] Failed to read DnsConfig.
[0311/205811.114:WARNING:dns_config_service_win.cc(712)] Failed to read DnsConfig.
[0311/205814.997:WARNING:dns_config_service_win.cc(712)] Failed to read DnsConfig.
[0311/205816.122:WARNING:dns_config_service_win.cc(712)] Failed to read DnsConfig.
[0311/205820.002:WARNING:dns_config_service_win.cc(712)] Failed to read DnsConfig.
[0311/205821.132:WARNING:dns_config_service_win.cc(712)] Failed to read DnsConfig.
[0311/205825.005:WARNING:dns_config_service_win.cc(712)] Failed to read DnsConfig.
[0311/205826.139:WARNING:dns_config_service_win.cc(712)] Failed to read DnsConfig.
[0311/205830.011:WARNING:dns_config_service_win.cc(712)] Failed to read DnsConfig.
[0311/205831.161:WARNING:dns_config_service_win.cc(712)] Failed to read DnsConfig.
[0311/205835.016:WARNING:dns_config_service_win.cc(712)] Failed to read DnsConfig.
[0311/205836.174:WARNING:dns_config_service_win.cc(712)] Failed to read DnsConfig.
[0311/205840.023:WARNING:dns_config_service_win.cc(712)] Failed to read DnsConfig.
[0311/205841.182:WARNING:dns_config_service_win.cc(712)] Failed to read DnsConfig.
[0311/205845.030:WARNING:dns_config_service_win.cc(712)] Failed to read DnsConfig.
[0311/205846.201:WARNING:dns_config_service_win.cc(712)] Failed to read DnsConfig.
[0311/205850.035:WARNING:dns_config_service_win.cc(712)] Failed to read DnsConfig.
[0311/205851.211:WARNING:dns_config_service_win.cc(712)] Failed to read DnsConfig.
[0311/205855.040:WARNING:dns_config_service_win.cc(712)] Failed to read DnsConfig.
[0311/205856.231:WARNING:dns_config_service_win.cc(712)] Failed to read DnsConfig.
[0311/205900.045:WARNING:dns_config_service_win.cc(712)] Failed to read DnsConfig.
[0311/205901.235:WARNING:dns_config_service_win.cc(712)] Failed to read DnsConfig.
[0311/205905.050:WARNING:dns_config_service_win.cc(712)] Failed to read DnsConfig.
[0311/205906.252:WARNING:dns_config_service_win.cc(712)] Failed to read DnsConfig.
[0311/205910.053:WARNING:dns_config_service_win.cc(712)] Failed to read DnsConfig.
[0311/205911.271:WARNING:dns_config_service_win.cc(712)] Failed to read DnsConfig.
[0311/205915.061:WARNING:dns_config_service_win.cc(712)] Failed to read DnsConfig.
[0311/205916.288:WARNING:dns_config_service_win.cc(712)] Failed to read DnsConfig.
[0311/205920.065:WARNING:dns_config_service_win.cc(712)] Failed to read DnsConfig.
[0311/205921.295:WARNING:dns_config_service_win.cc(712)] Failed to read DnsConfig.
[0311/205925.071:WARNING:dns_config_service_win.cc(712)] Failed to read DnsConfig.
[0311/205926.307:WARNING:dns_config_service_win.cc(712)] Failed to read DnsConfig.
[0311/205930.077:WARNING:dns_config_service_win.cc(712)] Failed to read DnsConfig.
[0311/205931.316:WARNING:dns_config_service_win.cc(712)] Failed to read DnsConfig.
[0311/205935.086:WARNING:dns_config_service_win.cc(712)] Failed to read DnsConfig.
[0311/205936.329:WARNING:dns_config_service_win.cc(712)] Failed to read DnsConfig.
[0311/205940.096:WARNING:dns_config_service_win.cc(712)] Failed to read DnsConfig.
[0311/205941.340:WARNING:dns_config_service_win.cc(712)] Failed to read DnsConfig.
[0311/205945.102:WARNING:dns_config_service_win.cc(712)] Failed to read DnsConfig.
[0311/205946.359:WARNING:dns_config_service_win.cc(712)] Failed to read DnsConfig.
[0311/205950.106:WARNING:dns_config_service_win.cc(712)] Failed to read DnsConfig.
[0311/205951.372:WARNING:dns_config_service_win.cc(712)] Failed to read DnsConfig.
[0311/205955.111:WARNING:dns_config_service_win.cc(712)] Failed to read DnsConfig.
[0311/205956.386:WARNING:dns_config_service_win.cc(712)] Failed to read DnsConfig.
[0311/210000.115:WARNING:dns_config_service_win.cc(712)] Failed to read DnsConfig.
[0311/210001.394:WARNING:dns_config_service_win.cc(712)] Failed to read DnsConfig.
[0311/210005.122:WARNING:dns_config_service_win.cc(712)] Failed to read DnsConfig.
[0311/210006.410:WARNING:dns_config_service_win.cc(712)] Failed to read DnsConfig.
[0311/210010.127:WARNING:dns_config_service_win.cc(712)] Failed to read DnsConfig.
[0311/210011.429:WARNING:dns_config_service_win.cc(712)] Failed to read DnsConfig.
[0311/210015.135:WARNING:dns_config_service_win.cc(712)] Failed to read DnsConfig.
[0311/210016.441:WARNING:dns_config_service_win.cc(712)] Failed to read DnsConfig.
[0311/210020.141:WARNING:dns_config_service_win.cc(712)] Failed to read DnsConfig.
[0311/210021.446:WARNING:dns_config_service_win.cc(712)] Failed to read DnsConfig.
[0311/210025.146:WARNING:dns_config_service_win.cc(712)] Failed to read DnsConfig.
[0311/210026.451:WARNING:dns_config_service_win.cc(712)] Failed to read DnsConfig.
[0311/210030.150:WARNING:dns_config_service_win.cc(712)] Failed to read DnsConfig.
[0311/210031.463:WARNING:dns_config_service_win.cc(712)] Failed to read DnsConfig.
[0311/210035.154:WARNING:dns_config_service_win.cc(712)] Failed to read DnsConfig.
[0311/210036.482:WARNING:dns_config_service_win.cc(712)] Failed to read DnsConfig.
[0311/210040.159:WARNING:dns_config_service_win.cc(712)] Failed to read DnsConfig.
[0311/210041.494:WARNING:dns_config_service_win.cc(712)] Failed to read DnsConfig.
[0311/210045.166:WARNING:dns_config_service_win.cc(712)] Failed to read DnsConfig.
[0311/210046.506:WARNING:dns_config_service_win.cc(712)] Failed to read DnsConfig.
[0311/210050.169:WARNING:dns_config_service_win.cc(712)] Failed to read DnsConfig.
[0311/210051.514:WARNING:dns_config_service_win.cc(712)] Failed to read DnsConfig.
[0311/210055.174:WARNING:dns_config_service_win.cc(712)] Failed to read DnsConfig.
[0311/210056.519:WARNING:dns_config_service_win.cc(712)] Failed to read DnsConfig.
[0311/210100.180:WARNING:dns_config_service_win.cc(712)] Failed to read DnsConfig.
[0311/210101.523:WARNING:dns_config_service_win.cc(712)] Failed to read DnsConfig.
[0311/210105.184:WARNING:dns_config_service_win.cc(712)] Failed to read DnsConfig.
[0311/210106.537:WARNING:dns_config_service_win.cc(712)] Failed to read DnsConfig.
[0311/210110.189:WARNING:dns_config_service_win.cc(712)] Failed to read DnsConfig.
[0311/210111.553:WARNING:dns_config_service_win.cc(712)] Failed to read DnsConfig.
[0311/210115.194:WARNING:dns_config_service_win.cc(712)] Failed to read DnsConfig.
[0311/210116.569:WARNING:dns_config_service_win.cc(712)] Failed to read DnsConfig.
[0311/210120.202:WARNING:dns_config_service_win.cc(712)] Failed to read DnsConfig.
[0311/210121.587:WARNING:dns_config_service_win.cc(712)] Failed to read DnsConfig.
[0311/210125.207:WARNING:dns_config_service_win.cc(712)] Failed to read DnsConfig.
[0311/210126.600:WARNING:dns_config_service_win.cc(712)] Failed to read DnsConfig.
[0311/210130.213:WARNING:dns_config_service_win.cc(712)] Failed to read DnsConfig.
[0311/210131.617:WARNING:dns_config_service_win.cc(712)] Failed to read DnsConfig.
[0311/210135.217:WARNING:dns_config_service_win.cc(712)] Failed to read DnsConfig.
[0311/210136.634:WARNING:dns_config_service_win.cc(712)] Failed to read DnsConfig.
[0311/210140.224:WARNING:dns_config_service_win.cc(712)] Failed to read DnsConfig.
[0311/210141.651:WARNING:dns_config_service_win.cc(712)] Failed to read DnsConfig.
[0311/210145.227:WARNING:dns_config_service_win.cc(712)] Failed to read DnsConfig.
[0311/210146.668:WARNING:dns_config_service_win.cc(712)] Failed to read DnsConfig.
[0311/210150.232:WARNING:dns_config_service_win.cc(712)] Failed to read DnsConfig.
[0311/210151.687:WARNING:dns_config_service_win.cc(712)] Failed to read DnsConfig.
[0311/210155.238:WARNING:dns_config_service_win.cc(712)] Failed to read DnsConfig.
[0311/210156.705:WARNING:dns_config_service_win.cc(712)] Failed to read DnsConfig.
[0311/210200.243:WARNING:dns_config_service_win.cc(712)] Failed to read DnsConfig.
[0311/210201.725:WARNING:dns_config_service_win.cc(712)] Failed to read DnsConfig.
[0311/210205.250:WARNING:dns_config_service_win.cc(712)] Failed to read DnsConfig.
[0311/210206.746:WARNING:dns_config_service_win.cc(712)] Failed to read DnsConfig.
[0311/210210.253:WARNING:dns_config_service_win.cc(712)] Failed to read DnsConfig.
[0311/210211.757:WARNING:dns_config_service_win.cc(712)] Failed to read DnsConfig.
[0311/210215.257:WARNING:dns_config_service_win.cc(712)] Failed to read DnsConfig.
[0311/210216.776:WARNING:dns_config_service_win.cc(712)] Failed to read DnsConfig.
[0311/210220.261:WARNING:dns_config_service_win.cc(712)] Failed to read DnsConfig.
[0311/210221.783:WARNING:dns_config_service_win.cc(712)] Failed to read DnsConfig.
[0311/210225.269:WARNING:dns_config_service_win.cc(712)] Failed to read DnsConfig.
[0311/210226.804:WARNING:dns_config_service_win.cc(712)] Failed to read DnsConfig.
[0311/210230.274:WARNING:dns_config_service_win.cc(712)] Failed to read DnsConfig.
[0311/210231.814:WARNING:dns_config_service_win.cc(712)] Failed to read DnsConfig.
[0311/210235.278:WARNING:dns_config_service_win.cc(712)] Failed to read DnsConfig.
[0311/210236.828:WARNING:dns_config_service_win.cc(712)] Failed to read DnsConfig.
[0311/210240.283:WARNING:dns_config_service_win.cc(712)] Failed to read DnsConfig.
[0311/210241.841:WARNING:dns_config_service_win.cc(712)] Failed to read DnsConfig.
[0311/210245.289:WARNING:dns_config_service_win.cc(712)] Failed to read DnsConfig.
[0311/210246.847:WARNING:dns_config_service_win.cc(712)] Failed to read DnsConfig.
[0311/210250.294:WARNING:dns_config_service_win.cc(712)] Failed to read DnsConfig.
[0311/210251.859:WARNING:dns_config_service_win.cc(712)] Failed to read DnsConfig.
[0311/210255.299:WARNING:dns_config_service_win.cc(712)] Failed to read DnsConfig.
[0311/210256.874:WARNING:dns_config_service_win.cc(712)] Failed to read DnsConfig.
[0311/210300.304:WARNING:dns_config_service_win.cc(712)] Failed to read DnsConfig.
[0311/210301.881:WARNING:dns_config_service_win.cc(712)] Failed to read DnsConfig.
[0311/210305.311:WARNING:dns_config_service_win.cc(712)] Failed to read DnsConfig.
[0311/210306.895:WARNING:dns_config_service_win.cc(712)] Failed to read DnsConfig.
[0311/210310.316:WARNING:dns_config_service_win.cc(712)] Failed to read DnsConfig.
[0311/210311.904:WARNING:dns_config_service_win.cc(712)] Failed to read DnsConfig.
[0311/210315.321:WARNING:dns_config_service_win.cc(712)] Failed to read DnsConfig.
[0311/210316.923:WARNING:dns_config_service_win.cc(712)] Failed to read DnsConfig.
[0311/210320.325:WARNING:dns_config_service_win.cc(712)] Failed to read DnsConfig.
[0311/210321.935:WARNING:dns_config_service_win.cc(712)] Failed to read DnsConfig.
[0311/210325.328:WARNING:dns_config_service_win.cc(712)] Failed to read DnsConfig.
[0311/210326.945:WARNING:dns_config_service_win.cc(712)] Failed to read DnsConfig.
[0311/210330.332:WARNING:dns_config_service_win.cc(712)] Failed to read DnsConfig.
[0311/210331.964:WARNING:dns_config_service_win.cc(712)] Failed to read DnsConfig.
[0311/210335.336:WARNING:dns_config_service_win.cc(712)] Failed to read DnsConfig.
[0311/210336.985:WARNING:dns_config_service_win.cc(712)] Failed to read DnsConfig.
[0311/210340.342:WARNING:dns_config_service_win.cc(712)] Failed to read DnsConfig.
[0311/210341.997:WARNING:dns_config_service_win.cc(712)] Failed to read DnsConfig.
[0311/210345.347:WARNING:dns_config_service_win.cc(712)] Failed to read DnsConfig.
[0311/210347.017:WARNING:dns_config_service_win.cc(712)] Failed to read DnsConfig.
[0311/210350.351:WARNING:dns_config_service_win.cc(712)] Failed to read DnsConfig.
[0311/210352.026:WARNING:dns_config_service_win.cc(712)] Failed to read DnsConfig.
[0311/210355.357:WARNING:dns_config_service_win.cc(712)] Failed to read DnsConfig.
[0311/210357.036:WARNING:dns_config_service_win.cc(712)] Failed to read DnsConfig.
[0311/210400.363:WARNING:dns_config_service_win.cc(712)] Failed to read DnsConfig.
[0311/210402.043:WARNING:dns_config_service_win.cc(712)] Failed to read DnsConfig.
[0311/210405.369:WARNING:dns_config_service_win.cc(712)] Failed to read DnsConfig.
[0311/210407.057:WARNING:dns_config_service_win.cc(712)] Failed to read DnsConfig.
[0311/210410.374:WARNING:dns_config_service_win.cc(712)] Failed to read DnsConfig.
[0311/210412.073:WARNING:dns_config_service_win.cc(712)] Failed to read DnsConfig.
[0311/210415.380:WARNING:dns_config_service_win.cc(712)] Failed to read DnsConfig.
[0311/210417.090:WARNING:dns_config_service_win.cc(712)] Failed to read DnsConfig.
[0311/210420.386:WARNING:dns_config_service_win.cc(712)] Failed to read DnsConfig.
[0311/210422.094:WARNING:dns_config_service_win.cc(712)] Failed to read DnsConfig.
[0311/210425.391:WARNING:dns_config_service_win.cc(712)] Failed to read DnsConfig.
[0311/210427.102:WARNING:dns_config_service_win.cc(712)] Failed to read DnsConfig.
[0311/210430.396:WARNING:dns_config_service_win.cc(712)] Failed to read DnsConfig.
[0311/210432.115:WARNING:dns_config_service_win.cc(712)] Failed to read DnsConfig.
[0311/210435.402:WARNING:dns_config_service_win.cc(712)] Failed to read DnsConfig.
[0311/210437.127:WARNING:dns_config_service_win.cc(712)] Failed to read DnsConfig.
[0311/210440.406:WARNING:dns_config_service_win.cc(712)] Failed to read DnsConfig.
[0311/210442.144:WARNING:dns_config_service_win.cc(712)] Failed to read DnsConfig.
[0311/210445.412:WARNING:dns_config_service_win.cc(712)] Failed to read DnsConfig.
[0311/210447.154:WARNING:dns_config_service_win.cc(712)] Failed to read DnsConfig.
[0311/210450.417:WARNING:dns_config_service_win.cc(712)] Failed to read DnsConfig.
[0311/210452.161:WARNING:dns_config_service_win.cc(712)] Failed to read DnsConfig.
[0311/210455.422:WARNING:dns_config_service_win.cc(712)] Failed to read DnsConfig.
[0311/210457.172:WARNING:dns_config_service_win.cc(712)] Failed to read DnsConfig.
[0311/210500.427:WARNING:dns_config_service_win.cc(712)] Failed to read DnsConfig.
[0311/210502.184:WARNING:dns_config_service_win.cc(712)] Failed to read DnsConfig.
[0311/210505.434:WARNING:dns_config_service_win.cc(712)] Failed to read DnsConfig.
[0311/210507.192:WARNING:dns_config_service_win.cc(712)] Failed to read DnsConfig.
[0311/210510.438:WARNING:dns_config_service_win.cc(712)] Failed to read DnsConfig.
[0311/210512.200:WARNING:dns_config_service_win.cc(712)] Failed to read DnsConfig.
[0311/210515.442:WARNING:dns_config_service_win.cc(712)] Failed to read DnsConfig.
[0311/210517.221:WARNING:dns_config_service_win.cc(712)] Failed to read DnsConfig.
[0311/210520.447:WARNING:dns_config_service_win.cc(712)] Failed to read DnsConfig.
[0311/210522.239:WARNING:dns_config_service_win.cc(712)] Failed to read DnsConfig.
[0311/210525.450:WARNING:dns_config_service_win.cc(712)] Failed to read DnsConfig.
[0311/210526.630:WARNING:gpu_process_host.cc(1296)] The GPU process has crashed 1 time(s)
[0311/210527.221:ERROR:network_service_instance_impl.cc(330)] Network service crashed, restarting service.
